::1 - - [17/Nov/2025:02:59:58 +0000] "GET /api/health HTTP/1.1" 200 54 "-" "PostmanRuntime/7.50.0"
::1 - - [17/Nov/2025:03:00:54 +0000] "GET /api/movies HTTP/1.1" 200 162 "-" "PostmanRuntime/7.50.0"
::1 - - [17/Nov/2025:03:02:04 +0000] "GET /api/random_endpoint HTTP/1.1" 404 54 "-" "PostmanRuntime/7.50.0"
::1 - - [17/Nov/2025:03:03:02 +0000] "GET /api/movies HTTP/1.1" 200 162 "-" "PostmanRuntime/7.50.0"
::1 - - [17/Nov/2025:03:03:49 +0000] "GET /api/movies HTTP/1.1" 200 162 "-" "PostmanRuntime/7.50.0"
::1 - - [17/Nov/2025:03:07:33 +0000] "GET /api/movies/id/1 HTTP/1.1" 404 54 "-" "PostmanRuntime/7.50.0"
::1 - - [17/Nov/2025:03:07:59 +0000] "GET /api/movies/1 HTTP/1.1" 200 99 "-" "PostmanRuntime/7.50.0"
::1 - - [17/Nov/2025:03:08:53 +0000] "GET /api/movies/8 HTTP/1.1" 404 62 "-" "PostmanRuntime/7.50.0"
::1 - - [17/Nov/2025:03:13:45 +0000] "POST /api/movies HTTP/1.1" 201 133 "-" "PostmanRuntime/7.50.0"
::1 - - [17/Nov/2025:03:16:42 +0000] "GET /api/movies HTTP/1.1" 200 230 "-" "PostmanRuntime/7.50.0"
::1 - - [17/Nov/2025:03:18:53 +0000] "PUT /api/movies/1 HTTP/1.1" 200 158 "-" "PostmanRuntime/7.50.0"
::1 - - [17/Nov/2025:03:19:47 +0000] "PUT /api/movies/1 HTTP/1.1" 400 67 "-" "PostmanRuntime/7.50.0"
::1 - - [17/Nov/2025:03:21:17 +0000] "PUT /api/movies/8 HTTP/1.1" 404 62 "-" "PostmanRuntime/7.50.0"
::1 - - [17/Nov/2025:03:22:22 +0000] "DELETE /api/movies/1 HTTP/1.1" 204 - "-" "PostmanRuntime/7.50.0"
::1 - - [17/Nov/2025:03:23:01 +0000] "DELETE /api/movies/8 HTTP/1.1" 404 62 "-" "PostmanRuntime/7.50.0"
::1 - - [17/Nov/2025:03:27:15 +0000] "GET /api/info HTTP/1.1" 200 129 "-" "PostmanRuntime/7.50.0"
::1 - - [17/Nov/2025:03:38:28 +0000] "GET /api/movies HTTP/1.1" 500 82 "-" "PostmanRuntime/7.50.0"
::1 - - [17/Nov/2025:03:44:25 +0000] "GET /api/movies HTTP/1.1" 200 162 "-" "PostmanRuntime/7.50.0"
::1 - - [17/Nov/2025:03:44:26 +0000] "GET /api/movies HTTP/1.1" 200 162 "-" "PostmanRuntime/7.50.0"
::1 - - [17/Nov/2025:03:44:28 +0000] "GET /api/movies HTTP/1.1" 200 162 "-" "PostmanRuntime/7.50.0"
::1 - - [17/Nov/2025:03:44:29 +0000] "GET /api/movies HTTP/1.1" 200 162 "-" "PostmanRuntime/7.50.0"
::1 - - [17/Nov/2025:03:44:33 +0000] "GET /api/movies HTTP/1.1" 200 162 "-" "PostmanRuntime/7.50.0"
::1 - - [17/Nov/2025:03:44:34 +0000] "GET /api/movies HTTP/1.1" 200 162 "-" "PostmanRuntime/7.50.0"
::1 - - [17/Nov/2025:03:44:34 +0000] "GET /api/movies HTTP/1.1" 200 162 "-" "PostmanRuntime/7.50.0"
::1 - - [17/Nov/2025:03:44:35 +0000] "GET /api/movies HTTP/1.1" 200 162 "-" "PostmanRuntime/7.50.0"
::1 - - [17/Nov/2025:03:44:36 +0000] "GET /api/movies HTTP/1.1" 200 162 "-" "PostmanRuntime/7.50.0"
::1 - - [17/Nov/2025:03:44:37 +0000] "GET /api/movies HTTP/1.1" 200 162 "-" "PostmanRuntime/7.50.0"
::1 - - [17/Nov/2025:03:44:38 +0000] "GET /api/movies HTTP/1.1" 200 162 "-" "PostmanRuntime/7.50.0"
::1 - - [17/Nov/2025:03:44:39 +0000] "GET /api/movies HTTP/1.1" 200 162 "-" "PostmanRuntime/7.50.0"
::1 - - [17/Nov/2025:03:44:40 +0000] "GET /api/movies HTTP/1.1" 200 162 "-" "PostmanRuntime/7.50.0"
::1 - - [17/Nov/2025:03:44:41 +0000] "GET /api/movies HTTP/1.1" 200 162 "-" "PostmanRuntime/7.50.0"
::1 - - [17/Nov/2025:03:44:41 +0000] "GET /api/movies HTTP/1.1" 200 162 "-" "PostmanRuntime/7.50.0"
::1 - - [17/Nov/2025:03:44:42 +0000] "GET /api/movies HTTP/1.1" 200 162 "-" "PostmanRuntime/7.50.0"
::1 - - [17/Nov/2025:03:44:43 +0000] "GET /api/movies HTTP/1.1" 200 162 "-" "PostmanRuntime/7.50.0"
::1 - - [17/Nov/2025:03:44:43 +0000] "GET /api/movies HTTP/1.1" 200 162 "-" "PostmanRuntime/7.50.0"
::1 - - [17/Nov/2025:03:44:44 +0000] "GET /api/movies HTTP/1.1" 200 162 "-" "PostmanRuntime/7.50.0"
::1 - - [17/Nov/2025:03:44:44 +0000] "GET /api/movies HTTP/1.1" 200 162 "-" "PostmanRuntime/7.50.0"
::1 - - [17/Nov/2025:03:44:46 +0000] "GET /api/movies HTTP/1.1" 429 70 "-" "PostmanRuntime/7.50.0"
::1 - - [17/Nov/2025:03:44:46 +0000] "GET /api/movies HTTP/1.1" 429 70 "-" "PostmanRuntime/7.50.0"
